<?xml version="1.0" encoding="UTF-8"?>
<testsuite xmlns:xsi="http://www.w3.org/2001/XMLSchema-instance" xsi:noNamespaceSchemaLocation="https://maven.apache.org/surefire/maven-surefire-plugin/xsd/surefire-test-report-3.0.xsd" version="3.0" name="ut.com.example.plugins.MyComponentUnitTest" time="0.03" tests="1" errors="0" skipped="0" failures="0">
  <properties>
    <property name="sun.desktop" value="windows"/>
    <property name="awt.toolkit" value="sun.awt.windows.WToolkit"/>
    <property name="java.specification.version" value="11"/>
    <property name="sun.cpu.isalist" value="amd64"/>
    <property name="sun.jnu.encoding" value="Cp1251"/>
    <property name="java.class.path" value="C:\Project\Test_plagin\issue-data-manager\target\test-classes;C:\Project\Test_plagin\issue-data-manager\target\classes;C:\Users\Moxs\.m2\repository\com\atlassian\jira\jira-api\9.12.13\jira-api-9.12.13.jar;C:\Users\Moxs\.m2\repository\com\atlassian\annotations\atlassian-annotations\4.0.3\atlassian-annotations-4.0.3.jar;C:\Users\Moxs\.m2\repository\com\google\code\findbugs\jsr305\3.0.2\jsr305-3.0.2.jar;C:\Users\Moxs\.m2\repository\org\checkerframework\checker-qual\3.28.0\checker-qual-3.28.0.jar;C:\Users\Moxs\.m2\repository\com\atlassian\ofbiz\entityengine-share\3.0.11\entityengine-share-3.0.11.jar;C:\Users\Moxs\.m2\repository\xerces\xercesImpl\2.12.2\xercesImpl-2.12.2.jar;C:\Users\Moxs\.m2\repository\com\atlassian\ofbiz\entityengine\3.0.11\entityengine-3.0.11.jar;C:\Users\Moxs\.m2\repository\javax\transaction\jta\1.1\jta-1.1.jar;C:\Users\Moxs\.m2\repository\com\atlassian\collectors\atlassian-collectors-util\1.1\atlassian-collectors-util-1.1.jar;C:\Users\Moxs\.m2\repository\opensymphony\webwork\1.4-atlassian-31\webwork-1.4-atlassian-31.jar;C:\Users\Moxs\.m2\repository\com\atlassian\html\atlassian-html-encoder\1.4\atlassian-html-encoder-1.4.jar;C:\Users\Moxs\.m2\repository\webwork\pell-multipart-request\1.31.0\pell-multipart-request-1.31.0.jar;C:\Users\Moxs\.m2\repository\com\atlassian\core\atlassian-core\8.0.1\atlassian-core-8.0.1.jar;C:\Users\Moxs\.m2\repository\commons-collections\commons-collections\3.2.2\commons-collections-3.2.2.jar;C:\Users\Moxs\.m2\repository\com\atlassian\image\atlassian-image-consumer\1.0.1\atlassian-image-consumer-1.0.1.jar;C:\Users\Moxs\.m2\repository\com\atlassian\core\atlassian-core-user\8.0.1\atlassian-core-user-8.0.1.jar;C:\Users\Moxs\.m2\repository\com\atlassian\core\atlassian-core-thumbnail\8.0.1\atlassian-core-thumbnail-8.0.1.jar;C:\Users\Moxs\.m2\repository\com\atlassian\extras\atlassian-extras\3.4.6\atlassian-extras-3.4.6.jar;C:\Users\Moxs\.m2\repository\commons-codec\commons-codec\1.11\commons-codec-1.11.jar;C:\Users\Moxs\.m2\repository\com\atlassian\extras\atlassian-extras-key-manager\3.4.6\atlassian-extras-key-manager-3.4.6.jar;C:\Users\Moxs\.m2\repository\com\atlassian\extras\atlassian-extras-common\3.4.6\atlassian-extras-common-3.4.6.jar;C:\Users\Moxs\.m2\repository\com\atlassian\extras\atlassian-extras-api\3.4.6\atlassian-extras-api-3.4.6.jar;C:\Users\Moxs\.m2\repository\com\atlassian\velocity\atlassian-velocity\1.4\atlassian-velocity-1.4.jar;C:\Users\Moxs\.m2\repository\org\apache\commons\commons-text\1.9\commons-text-1.9.jar;C:\Users\Moxs\.m2\repository\opensymphony\oscore\2.2.7-atlassian-1\oscore-2.2.7-atlassian-1.jar;C:\Users\Moxs\.m2\repository\org\apache\velocity\velocity\1.6.4-atlassian-25\velocity-1.6.4-atlassian-25.jar;C:\Users\Moxs\.m2\repository\osworkflow\osworkflow\2.9.0-atlassian-1\osworkflow-2.9.0-atlassian-1.jar;C:\Users\Moxs\.m2\repository\opensymphony\propertyset\1.5\propertyset-1.5.jar;C:\Users\Moxs\.m2\repository\com\atlassian\cache\atlassian-cache-api\6.0.2\atlassian-cache-api-6.0.2.jar;C:\Users\Moxs\.m2\repository\com\atlassian\instrumentation\atlassian-instrumentation-core\3.0.0\atlassian-instrumentation-core-3.0.0.jar;C:\Users\Moxs\.m2\repository\io\atlassian\util\concurrent\atlassian-util-concurrent\4.0.1\atlassian-util-concurrent-4.0.1.jar;C:\Users\Moxs\.m2\repository\com\atlassian\beehive\beehive-api\5.0.1\beehive-api-5.0.1.jar;C:\Users\Moxs\.m2\repository\com\atlassian\tenancy\atlassian-tenancy-api\4.0.1\atlassian-tenancy-api-4.0.1.jar;C:\Users\Moxs\.m2\repository\com\atlassian\upgrade\upgrade-task-framework-api\2.0.2\upgrade-task-framework-api-2.0.2.jar;C:\Users\Moxs\.m2\repository\com\atlassian\crowd\embedded-crowd-api\5.0.11\embedded-crowd-api-5.0.11.jar;C:\Users\Moxs\.m2\repository\com\google\guava\guava\32.1.1-jre\guava-32.1.1-jre.jar;C:\Users\Moxs\.m2\repository\com\google\guava\failureaccess\1.0.1\failureaccess-1.0.1.jar;C:\Users\Moxs\.m2\repository\com\google\guava\listenablefuture\9999.0-empty-to-avoid-conflict-with-guava\listenablefuture-9999.0-empty-to-avoid-conflict-with-guava.jar;C:\Users\Moxs\.m2\repository\com\google\errorprone\error_prone_annotations\2.18.0\error_prone_annotations-2.18.0.jar;C:\Users\Moxs\.m2\repository\com\google\j2objc\j2objc-annotations\2.8\j2objc-annotations-2.8.jar;C:\Users\Moxs\.m2\repository\com\atlassian\fugue\fugue\2.7.0\fugue-2.7.0.jar;C:\Users\Moxs\.m2\repository\io\atlassian\fugue\fugue\5.0.0\fugue-5.0.0.jar;C:\Users\Moxs\.m2\repository\org\codehaus\jackson\jackson-core-asl\1.9.14-atlassian-6\jackson-core-asl-1.9.14-atlassian-6.jar;C:\Users\Moxs\.m2\repository\org\codehaus\jackson\jackson-mapper-asl\1.9.14-atlassian-6\jackson-mapper-asl-1.9.14-atlassian-6.jar;C:\Users\Moxs\.m2\repository\com\sun\mail\jakarta.mail\1.6.5-atlassian-2\jakarta.mail-1.6.5-atlassian-2.jar;C:\Users\Moxs\.m2\repository\com\sun\activation\jakarta.activation\1.2.1\jakarta.activation-1.2.1.jar;C:\Users\Moxs\.m2\repository\com\atlassian\mail\atlassian-mail\6.0.3\atlassian-mail-6.0.3.jar;C:\Users\Moxs\.m2\repository\jakarta\mail\jakarta.mail-api\1.6.7\jakarta.mail-api-1.6.7.jar;C:\Users\Moxs\.m2\repository\jakarta\activation\jakarta.activation-api\1.2.2\jakarta.activation-api-1.2.2.jar;C:\Users\Moxs\.m2\repository\oro\oro\2.0.7\oro-2.0.7.jar;C:\Users\Moxs\.m2\repository\com\atlassian\applinks\applinks-api\9.0.17\applinks-api-9.0.17.jar;C:\Users\Moxs\.m2\repository\com\google\javascript\closure-compiler-unshaded\v20181008\closure-compiler-unshaded-v20181008.jar;C:\Users\Moxs\.m2\repository\com\google\javascript\closure-compiler-externs\v20181008\closure-compiler-externs-v20181008.jar;C:\Users\Moxs\.m2\repository\args4j\args4j\2.0.26\args4j-2.0.26.jar;C:\Users\Moxs\.m2\repository\com\google\jsinterop\jsinterop-annotations\1.0.0\jsinterop-annotations-1.0.0.jar;C:\Users\Moxs\.m2\repository\com\google\protobuf\protobuf-java\3.21.9\protobuf-java-3.21.9.jar;C:\Users\Moxs\.m2\repository\com\atlassian\velocity\htmlsafe\velocity-htmlsafe\4.0.1\velocity-htmlsafe-4.0.1.jar;C:\Users\Moxs\.m2\repository\com\atlassian\plugins\atlassian-plugins-api\7.1.9\atlassian-plugins-api-7.1.9.jar;C:\Users\Moxs\.m2\repository\com\atlassian\plugins\atlassian-plugins-webfragment-api\6.0.1\atlassian-plugins-webfragment-api-6.0.1.jar;C:\Users\Moxs\.m2\repository\com\atlassian\ozymandias\atlassian-plugin-point-safety\1.0.0\atlassian-plugin-point-safety-1.0.0.jar;C:\Users\Moxs\.m2\repository\jfree\jfreechart\1.0.13\jfreechart-1.0.13.jar;C:\Users\Moxs\.m2\repository\com\atlassian\plugins\atlassian-plugins-webresource\6.0.6\atlassian-plugins-webresource-6.0.6.jar;C:\Users\Moxs\.m2\repository\com\atlassian\plugins\atlassian-plugins-webresource-api\6.0.6\atlassian-plugins-webresource-api-6.0.6.jar;C:\Users\Moxs\.m2\repository\com\atlassian\plugins\atlassian-plugins-webresource-spi\6.0.6\atlassian-plugins-webresource-spi-6.0.6.jar;C:\Users\Moxs\.m2\repository\com\atlassian\sourcemap\sourcemap\2.0.0\sourcemap-2.0.0.jar;C:\Users\Moxs\.m2\repository\org\jgrapht\jgrapht-core\1.4.0\jgrapht-core-1.4.0.jar;C:\Users\Moxs\.m2\repository\org\jheaps\jheaps\0.11\jheaps-0.11.jar;C:\Users\Moxs\.m2\repository\org\jgrapht\jgrapht-io\1.4.0\jgrapht-io-1.4.0.jar;C:\Users\Moxs\.m2\repository\org\antlr\antlr4-runtime\4.7.2\antlr4-runtime-4.7.2.jar;C:\Users\Moxs\.m2\repository\org\tuckey\urlrewritefilter\4.0.4\urlrewritefilter-4.0.4.jar;C:\Users\Moxs\.m2\repository\com\atlassian\plugins\atlassian-plugins-webresource-compiler-gcc\6.0.6\atlassian-plugins-webresource-compiler-gcc-6.0.6.jar;C:\Users\Moxs\.m2\repository\jfree\jcommon\1.0.8\jcommon-1.0.8.jar;C:\Users\Moxs\.m2\repository\com\atlassian\sal\sal-api\5.0.3\sal-api-5.0.3.jar;C:\Users\Moxs\.m2\repository\com\atlassian\gadgets\atlassian-gadgets-api\8.1.3\atlassian-gadgets-api-8.1.3.jar;C:\Users\Moxs\.m2\repository\com\atlassian\johnson\atlassian-johnson-core\4.0.1\atlassian-johnson-core-4.0.1.jar;C:\Users\Moxs\.m2\repository\com\atlassian\plugins\atlassian-plugins-servlet\5.0.0\atlassian-plugins-servlet-5.0.0.jar;C:\Users\Moxs\.m2\repository\joda-time\joda-time\2.10.5\joda-time-2.10.5.jar;C:\Users\Moxs\.m2\repository\commons-lang\commons-lang\2.6\commons-lang-2.6.jar;C:\Users\Moxs\.m2\repository\org\apache\commons\commons-lang3\3.9\commons-lang3-3.9.jar;C:\Users\Moxs\.m2\repository\commons-io\commons-io\2.8.0\commons-io-2.8.0.jar;C:\Users\Moxs\.m2\repository\commons-httpclient\commons-httpclient\3.1-jenkins-3\commons-httpclient-3.1-jenkins-3.jar;C:\Users\Moxs\.m2\repository\org\slf4j\slf4j-api\1.7.30\slf4j-api-1.7.30.jar;C:\Users\Moxs\.m2\repository\org\apache\logging\log4j\log4j-1.2-api\2.17.2\log4j-1.2-api-2.17.2.jar;C:\Users\Moxs\.m2\repository\org\apache\logging\log4j\log4j-api\2.17.2\log4j-api-2.17.2.jar;C:\Users\Moxs\.m2\repository\com\atlassian\profiling\atlassian-profiling\4.9.1\atlassian-profiling-4.9.1.jar;C:\Users\Moxs\.m2\repository\com\atlassian\scheduler\atlassian-scheduler-api\4.0.0\atlassian-scheduler-api-4.0.0.jar;C:\Users\Moxs\.m2\repository\com\atlassian\analytics\analytics-api\8.2.17\analytics-api-8.2.17.jar;C:\Users\Moxs\.m2\repository\com\atlassian\application\atlassian-application-api\2.0.0\atlassian-application-api-2.0.0.jar;C:\Users\Moxs\.m2\repository\javax\validation\validation-api\2.0.1.Final\validation-api-2.0.1.Final.jar;C:\Users\Moxs\.m2\repository\javax\inject\javax.inject\1\javax.inject-1.jar;C:\Users\Moxs\.m2\repository\com\atlassian\lucene-extras\7.3.1-atlassian-4\lucene-extras-7.3.1-atlassian-4.jar;C:\Users\Moxs\.m2\repository\org\dom4j\dom4j\2.1.3\dom4j-2.1.3.jar;C:\Users\Moxs\.m2\repository\commons-beanutils\commons-beanutils\1.9.4\commons-beanutils-1.9.4.jar;C:\Users\Moxs\.m2\repository\com\atlassian\plugins\atlassian-plugins-core\5.5.0\atlassian-plugins-core-5.5.0.jar;C:\Users\Moxs\.m2\repository\dom4j\dom4j\1.6.1-atlassian-2\dom4j-1.6.1-atlassian-2.jar;C:\Users\Moxs\.m2\repository\xml-apis\xml-apis\1.4.01\xml-apis-1.4.01.jar;C:\Users\Moxs\.m2\repository\jaxen\jaxen\1.1.6\jaxen-1.1.6.jar;C:\Users\Moxs\.m2\repository\com\atlassian\event\atlassian-event\4.0.3\atlassian-event-4.0.3.jar;C:\Users\Moxs\.m2\repository\com\atlassian\security\atlassian-secure-xml\3.1.5\atlassian-secure-xml-3.1.5.jar;C:\Users\Moxs\.m2\repository\net\jcip\com.springsource.net.jcip.annotations\1.0.0\com.springsource.net.jcip.annotations-1.0.0.jar;C:\Users\Moxs\.m2\repository\com\google\code\gson\gson\2.9.1\gson-2.9.1.jar;C:\Users\Moxs\.m2\repository\org\springframework\spring-beans\5.3.22\spring-beans-5.3.22.jar;C:\Users\Moxs\.m2\repository\org\springframework\spring-core\5.3.22\spring-core-5.3.22.jar;C:\Users\Moxs\.m2\repository\org\springframework\spring-jcl\5.3.22\spring-jcl-5.3.22.jar;C:\Users\Moxs\.m2\repository\org\springframework\spring-context\5.3.22\spring-context-5.3.22.jar;C:\Users\Moxs\.m2\repository\org\springframework\spring-aop\5.3.22\spring-aop-5.3.22.jar;C:\Users\Moxs\.m2\repository\org\springframework\spring-expression\5.3.22\spring-expression-5.3.22.jar;C:\Users\Moxs\.m2\repository\org\osgi\osgi.core\6.0.0\osgi.core-6.0.0.jar;C:\Users\Moxs\.m2\repository\com\atlassian\plugins\atlassian-plugins-webfragment\7.2.0\atlassian-plugins-webfragment-7.2.0.jar;C:\Users\Moxs\.m2\repository\javax\annotation\javax.annotation-api\1.3.2\javax.annotation-api-1.3.2.jar;C:\Users\Moxs\.m2\repository\com\atlassian\plugins\atlassian-plugins-osgi-testrunner\2.0.2\atlassian-plugins-osgi-testrunner-2.0.2.jar;C:\Users\Moxs\.m2\repository\org\apache\wink\wink-client\1.1.3-incubating\wink-client-1.1.3-incubating.jar;C:\Users\Moxs\.m2\repository\org\apache\wink\wink-common\1.1.3-incubating\wink-common-1.1.3-incubating.jar;C:\Users\Moxs\.m2\repository\javax\ws\rs\jsr311-api\1.1.1\jsr311-api-1.1.1.jar;C:\Users\Moxs\.m2\repository\org\apache\geronimo\specs\geronimo-annotation_1.1_spec\1.0\geronimo-annotation_1.1_spec-1.0.jar;C:\Users\Moxs\.m2\repository\javax\xml\bind\jaxb-api\2.2\jaxb-api-2.2.jar;C:\Users\Moxs\.m2\repository\javax\xml\stream\stax-api\1.0-2\stax-api-1.0-2.jar;C:\Users\Moxs\.m2\repository\com\sun\xml\bind\jaxb-impl\2.2.1.1\jaxb-impl-2.2.1.1.jar;C:\Users\Moxs\.m2\repository\javax\activation\activation\1.1\activation-1.1.jar;C:\Users\Moxs\.m2\repository\com\atlassian\upm\upm-api\2.15\upm-api-2.15.jar;C:\Users\Moxs\.m2\repository\com\atlassian\plugins\atlassian-plugins-osgi-javaconfig\0.2.0\atlassian-plugins-osgi-javaconfig-0.2.0.jar;C:\Users\Moxs\.m2\repository\com\atlassian\templaterenderer\atlassian-template-renderer-api\5.0.0\atlassian-template-renderer-api-5.0.0.jar;C:\Users\Moxs\.m2\repository\junit\junit\4.13.2\junit-4.13.2.jar;C:\Users\Moxs\.m2\repository\org\hamcrest\hamcrest-core\1.3\hamcrest-core-1.3.jar;C:\Users\Moxs\.m2\repository\javax\ws\rs\javax.ws.rs-api\2.1\javax.ws.rs-api-2.1.jar;C:\Users\Moxs\.m2\repository\jakarta\ws\rs\jakarta.ws.rs-api\2.1.6\jakarta.ws.rs-api-2.1.6.jar;C:\Users\Moxs\.m2\repository\org\mockito\mockito-core\5.14.2\mockito-core-5.14.2.jar;C:\Users\Moxs\.m2\repository\net\bytebuddy\byte-buddy\1.15.4\byte-buddy-1.15.4.jar;C:\Users\Moxs\.m2\repository\net\bytebuddy\byte-buddy-agent\1.15.4\byte-buddy-agent-1.15.4.jar;C:\Users\Moxs\.m2\repository\org\objenesis\objenesis\3.3\objenesis-3.3.jar;C:\Users\Moxs\.m2\repository\org\mockito\mockito-junit-jupiter\5.13.0\mockito-junit-jupiter-5.13.0.jar;C:\Users\Moxs\.m2\repository\org\junit\jupiter\junit-jupiter-api\5.11.0\junit-jupiter-api-5.11.0.jar;C:\Users\Moxs\.m2\repository\org\opentest4j\opentest4j\1.3.0\opentest4j-1.3.0.jar;C:\Users\Moxs\.m2\repository\org\junit\platform\junit-platform-commons\1.11.0\junit-platform-commons-1.11.0.jar;C:\Users\Moxs\.m2\repository\org\apiguardian\apiguardian-api\1.1.2\apiguardian-api-1.1.2.jar;C:\Users\Moxs\.m2\repository\com\atlassian\activeobjects\activeobjects-plugin\6.0.0-m03\activeobjects-plugin-6.0.0-m03.jar;C:\Users\Moxs\.m2\repository\net\java\dev\activeobjects\activeobjects\6.0.0-m03\activeobjects-6.0.0-m03.jar;C:\Users\Moxs\.m2\repository\com\atlassian\activeobjects\activeobjects-core\6.0.0-m03\activeobjects-core-6.0.0-m03.jar;C:\Users\Moxs\.m2\repository\com\atlassian\activeobjects\activeobjects-spi\6.0.0-m03\activeobjects-spi-6.0.0-m03.jar;C:\Users\Moxs\.m2\repository\com\atlassian\activeobjects\activeobjects-dbex\6.0.0-m03\activeobjects-dbex-6.0.0-m03.jar;C:\Users\Moxs\.m2\repository\org\codehaus\woodstox\woodstox-core-asl\4.4.1\woodstox-core-asl-4.4.1.jar;C:\Users\Moxs\.m2\repository\org\codehaus\woodstox\stax2-api\3.1.4\stax2-api-3.1.4.jar;C:\Users\Moxs\.m2\repository\com\atlassian\activeobjects\activeobjects-test\6.0.0-m03\activeobjects-test-6.0.0-m03.jar;C:\Users\Moxs\.m2\repository\net\java\dev\activeobjects\activeobjects-test\6.0.0-m03\activeobjects-test-6.0.0-m03.jar;"/>
    <property name="java.vm.vendor" value="Oracle Corporation"/>
    <property name="sun.arch.data.model" value="64"/>
    <property name="user.variant" value=""/>
    <property name="java.vendor.url" value="https://openjdk.java.net/"/>
    <property name="user.timezone" value="Europe/Moscow"/>
    <property name="java.vm.specification.version" value="11"/>
    <property name="os.name" value="Windows 10"/>
    <property name="sun.java.launcher" value="SUN_STANDARD"/>
    <property name="user.country" value="RU"/>
    <property name="sun.boot.library.path" value="C:\Program Files\Java\jdk-11\bin"/>
    <property name="sun.java.command" value="C:\Users\Moxs\AppData\Local\Temp\surefire14078293101612165569\surefirebooter-20241126002745013_3.jar C:\Users\Moxs\AppData\Local\Temp\surefire14078293101612165569 2024-11-26T00-27-08_047-jvmRun1 surefire-20241126002745013_1tmp surefire_0-20241126002745013_2tmp"/>
    <property name="jdk.debug" value="release"/>
    <property name="surefire.test.class.path" value="C:\Project\Test_plagin\issue-data-manager\target\test-classes;C:\Project\Test_plagin\issue-data-manager\target\classes;C:\Users\Moxs\.m2\repository\com\atlassian\jira\jira-api\9.12.13\jira-api-9.12.13.jar;C:\Users\Moxs\.m2\repository\com\atlassian\annotations\atlassian-annotations\4.0.3\atlassian-annotations-4.0.3.jar;C:\Users\Moxs\.m2\repository\com\google\code\findbugs\jsr305\3.0.2\jsr305-3.0.2.jar;C:\Users\Moxs\.m2\repository\org\checkerframework\checker-qual\3.28.0\checker-qual-3.28.0.jar;C:\Users\Moxs\.m2\repository\com\atlassian\ofbiz\entityengine-share\3.0.11\entityengine-share-3.0.11.jar;C:\Users\Moxs\.m2\repository\xerces\xercesImpl\2.12.2\xercesImpl-2.12.2.jar;C:\Users\Moxs\.m2\repository\com\atlassian\ofbiz\entityengine\3.0.11\entityengine-3.0.11.jar;C:\Users\Moxs\.m2\repository\javax\transaction\jta\1.1\jta-1.1.jar;C:\Users\Moxs\.m2\repository\com\atlassian\collectors\atlassian-collectors-util\1.1\atlassian-collectors-util-1.1.jar;C:\Users\Moxs\.m2\repository\opensymphony\webwork\1.4-atlassian-31\webwork-1.4-atlassian-31.jar;C:\Users\Moxs\.m2\repository\com\atlassian\html\atlassian-html-encoder\1.4\atlassian-html-encoder-1.4.jar;C:\Users\Moxs\.m2\repository\webwork\pell-multipart-request\1.31.0\pell-multipart-request-1.31.0.jar;C:\Users\Moxs\.m2\repository\com\atlassian\core\atlassian-core\8.0.1\atlassian-core-8.0.1.jar;C:\Users\Moxs\.m2\repository\commons-collections\commons-collections\3.2.2\commons-collections-3.2.2.jar;C:\Users\Moxs\.m2\repository\com\atlassian\image\atlassian-image-consumer\1.0.1\atlassian-image-consumer-1.0.1.jar;C:\Users\Moxs\.m2\repository\com\atlassian\core\atlassian-core-user\8.0.1\atlassian-core-user-8.0.1.jar;C:\Users\Moxs\.m2\repository\com\atlassian\core\atlassian-core-thumbnail\8.0.1\atlassian-core-thumbnail-8.0.1.jar;C:\Users\Moxs\.m2\repository\com\atlassian\extras\atlassian-extras\3.4.6\atlassian-extras-3.4.6.jar;C:\Users\Moxs\.m2\repository\commons-codec\commons-codec\1.11\commons-codec-1.11.jar;C:\Users\Moxs\.m2\repository\com\atlassian\extras\atlassian-extras-key-manager\3.4.6\atlassian-extras-key-manager-3.4.6.jar;C:\Users\Moxs\.m2\repository\com\atlassian\extras\atlassian-extras-common\3.4.6\atlassian-extras-common-3.4.6.jar;C:\Users\Moxs\.m2\repository\com\atlassian\extras\atlassian-extras-api\3.4.6\atlassian-extras-api-3.4.6.jar;C:\Users\Moxs\.m2\repository\com\atlassian\velocity\atlassian-velocity\1.4\atlassian-velocity-1.4.jar;C:\Users\Moxs\.m2\repository\org\apache\commons\commons-text\1.9\commons-text-1.9.jar;C:\Users\Moxs\.m2\repository\opensymphony\oscore\2.2.7-atlassian-1\oscore-2.2.7-atlassian-1.jar;C:\Users\Moxs\.m2\repository\org\apache\velocity\velocity\1.6.4-atlassian-25\velocity-1.6.4-atlassian-25.jar;C:\Users\Moxs\.m2\repository\osworkflow\osworkflow\2.9.0-atlassian-1\osworkflow-2.9.0-atlassian-1.jar;C:\Users\Moxs\.m2\repository\opensymphony\propertyset\1.5\propertyset-1.5.jar;C:\Users\Moxs\.m2\repository\com\atlassian\cache\atlassian-cache-api\6.0.2\atlassian-cache-api-6.0.2.jar;C:\Users\Moxs\.m2\repository\com\atlassian\instrumentation\atlassian-instrumentation-core\3.0.0\atlassian-instrumentation-core-3.0.0.jar;C:\Users\Moxs\.m2\repository\io\atlassian\util\concurrent\atlassian-util-concurrent\4.0.1\atlassian-util-concurrent-4.0.1.jar;C:\Users\Moxs\.m2\repository\com\atlassian\beehive\beehive-api\5.0.1\beehive-api-5.0.1.jar;C:\Users\Moxs\.m2\repository\com\atlassian\tenancy\atlassian-tenancy-api\4.0.1\atlassian-tenancy-api-4.0.1.jar;C:\Users\Moxs\.m2\repository\com\atlassian\upgrade\upgrade-task-framework-api\2.0.2\upgrade-task-framework-api-2.0.2.jar;C:\Users\Moxs\.m2\repository\com\atlassian\crowd\embedded-crowd-api\5.0.11\embedded-crowd-api-5.0.11.jar;C:\Users\Moxs\.m2\repository\com\google\guava\guava\32.1.1-jre\guava-32.1.1-jre.jar;C:\Users\Moxs\.m2\repository\com\google\guava\failureaccess\1.0.1\failureaccess-1.0.1.jar;C:\Users\Moxs\.m2\repository\com\google\guava\listenablefuture\9999.0-empty-to-avoid-conflict-with-guava\listenablefuture-9999.0-empty-to-avoid-conflict-with-guava.jar;C:\Users\Moxs\.m2\repository\com\google\errorprone\error_prone_annotations\2.18.0\error_prone_annotations-2.18.0.jar;C:\Users\Moxs\.m2\repository\com\google\j2objc\j2objc-annotations\2.8\j2objc-annotations-2.8.jar;C:\Users\Moxs\.m2\repository\com\atlassian\fugue\fugue\2.7.0\fugue-2.7.0.jar;C:\Users\Moxs\.m2\repository\io\atlassian\fugue\fugue\5.0.0\fugue-5.0.0.jar;C:\Users\Moxs\.m2\repository\org\codehaus\jackson\jackson-core-asl\1.9.14-atlassian-6\jackson-core-asl-1.9.14-atlassian-6.jar;C:\Users\Moxs\.m2\repository\org\codehaus\jackson\jackson-mapper-asl\1.9.14-atlassian-6\jackson-mapper-asl-1.9.14-atlassian-6.jar;C:\Users\Moxs\.m2\repository\com\sun\mail\jakarta.mail\1.6.5-atlassian-2\jakarta.mail-1.6.5-atlassian-2.jar;C:\Users\Moxs\.m2\repository\com\sun\activation\jakarta.activation\1.2.1\jakarta.activation-1.2.1.jar;C:\Users\Moxs\.m2\repository\com\atlassian\mail\atlassian-mail\6.0.3\atlassian-mail-6.0.3.jar;C:\Users\Moxs\.m2\repository\jakarta\mail\jakarta.mail-api\1.6.7\jakarta.mail-api-1.6.7.jar;C:\Users\Moxs\.m2\repository\jakarta\activation\jakarta.activation-api\1.2.2\jakarta.activation-api-1.2.2.jar;C:\Users\Moxs\.m2\repository\oro\oro\2.0.7\oro-2.0.7.jar;C:\Users\Moxs\.m2\repository\com\atlassian\applinks\applinks-api\9.0.17\applinks-api-9.0.17.jar;C:\Users\Moxs\.m2\repository\com\google\javascript\closure-compiler-unshaded\v20181008\closure-compiler-unshaded-v20181008.jar;C:\Users\Moxs\.m2\repository\com\google\javascript\closure-compiler-externs\v20181008\closure-compiler-externs-v20181008.jar;C:\Users\Moxs\.m2\repository\args4j\args4j\2.0.26\args4j-2.0.26.jar;C:\Users\Moxs\.m2\repository\com\google\jsinterop\jsinterop-annotations\1.0.0\jsinterop-annotations-1.0.0.jar;C:\Users\Moxs\.m2\repository\com\google\protobuf\protobuf-java\3.21.9\protobuf-java-3.21.9.jar;C:\Users\Moxs\.m2\repository\com\atlassian\velocity\htmlsafe\velocity-htmlsafe\4.0.1\velocity-htmlsafe-4.0.1.jar;C:\Users\Moxs\.m2\repository\com\atlassian\plugins\atlassian-plugins-api\7.1.9\atlassian-plugins-api-7.1.9.jar;C:\Users\Moxs\.m2\repository\com\atlassian\plugins\atlassian-plugins-webfragment-api\6.0.1\atlassian-plugins-webfragment-api-6.0.1.jar;C:\Users\Moxs\.m2\repository\com\atlassian\ozymandias\atlassian-plugin-point-safety\1.0.0\atlassian-plugin-point-safety-1.0.0.jar;C:\Users\Moxs\.m2\repository\jfree\jfreechart\1.0.13\jfreechart-1.0.13.jar;C:\Users\Moxs\.m2\repository\com\atlassian\plugins\atlassian-plugins-webresource\6.0.6\atlassian-plugins-webresource-6.0.6.jar;C:\Users\Moxs\.m2\repository\com\atlassian\plugins\atlassian-plugins-webresource-api\6.0.6\atlassian-plugins-webresource-api-6.0.6.jar;C:\Users\Moxs\.m2\repository\com\atlassian\plugins\atlassian-plugins-webresource-spi\6.0.6\atlassian-plugins-webresource-spi-6.0.6.jar;C:\Users\Moxs\.m2\repository\com\atlassian\sourcemap\sourcemap\2.0.0\sourcemap-2.0.0.jar;C:\Users\Moxs\.m2\repository\org\jgrapht\jgrapht-core\1.4.0\jgrapht-core-1.4.0.jar;C:\Users\Moxs\.m2\repository\org\jheaps\jheaps\0.11\jheaps-0.11.jar;C:\Users\Moxs\.m2\repository\org\jgrapht\jgrapht-io\1.4.0\jgrapht-io-1.4.0.jar;C:\Users\Moxs\.m2\repository\org\antlr\antlr4-runtime\4.7.2\antlr4-runtime-4.7.2.jar;C:\Users\Moxs\.m2\repository\org\tuckey\urlrewritefilter\4.0.4\urlrewritefilter-4.0.4.jar;C:\Users\Moxs\.m2\repository\com\atlassian\plugins\atlassian-plugins-webresource-compiler-gcc\6.0.6\atlassian-plugins-webresource-compiler-gcc-6.0.6.jar;C:\Users\Moxs\.m2\repository\jfree\jcommon\1.0.8\jcommon-1.0.8.jar;C:\Users\Moxs\.m2\repository\com\atlassian\sal\sal-api\5.0.3\sal-api-5.0.3.jar;C:\Users\Moxs\.m2\repository\com\atlassian\gadgets\atlassian-gadgets-api\8.1.3\atlassian-gadgets-api-8.1.3.jar;C:\Users\Moxs\.m2\repository\com\atlassian\johnson\atlassian-johnson-core\4.0.1\atlassian-johnson-core-4.0.1.jar;C:\Users\Moxs\.m2\repository\com\atlassian\plugins\atlassian-plugins-servlet\5.0.0\atlassian-plugins-servlet-5.0.0.jar;C:\Users\Moxs\.m2\repository\joda-time\joda-time\2.10.5\joda-time-2.10.5.jar;C:\Users\Moxs\.m2\repository\commons-lang\commons-lang\2.6\commons-lang-2.6.jar;C:\Users\Moxs\.m2\repository\org\apache\commons\commons-lang3\3.9\commons-lang3-3.9.jar;C:\Users\Moxs\.m2\repository\commons-io\commons-io\2.8.0\commons-io-2.8.0.jar;C:\Users\Moxs\.m2\repository\commons-httpclient\commons-httpclient\3.1-jenkins-3\commons-httpclient-3.1-jenkins-3.jar;C:\Users\Moxs\.m2\repository\org\slf4j\slf4j-api\1.7.30\slf4j-api-1.7.30.jar;C:\Users\Moxs\.m2\repository\org\apache\logging\log4j\log4j-1.2-api\2.17.2\log4j-1.2-api-2.17.2.jar;C:\Users\Moxs\.m2\repository\org\apache\logging\log4j\log4j-api\2.17.2\log4j-api-2.17.2.jar;C:\Users\Moxs\.m2\repository\com\atlassian\profiling\atlassian-profiling\4.9.1\atlassian-profiling-4.9.1.jar;C:\Users\Moxs\.m2\repository\com\atlassian\scheduler\atlassian-scheduler-api\4.0.0\atlassian-scheduler-api-4.0.0.jar;C:\Users\Moxs\.m2\repository\com\atlassian\analytics\analytics-api\8.2.17\analytics-api-8.2.17.jar;C:\Users\Moxs\.m2\repository\com\atlassian\application\atlassian-application-api\2.0.0\atlassian-application-api-2.0.0.jar;C:\Users\Moxs\.m2\repository\javax\validation\validation-api\2.0.1.Final\validation-api-2.0.1.Final.jar;C:\Users\Moxs\.m2\repository\javax\inject\javax.inject\1\javax.inject-1.jar;C:\Users\Moxs\.m2\repository\com\atlassian\lucene-extras\7.3.1-atlassian-4\lucene-extras-7.3.1-atlassian-4.jar;C:\Users\Moxs\.m2\repository\org\dom4j\dom4j\2.1.3\dom4j-2.1.3.jar;C:\Users\Moxs\.m2\repository\commons-beanutils\commons-beanutils\1.9.4\commons-beanutils-1.9.4.jar;C:\Users\Moxs\.m2\repository\com\atlassian\plugins\atlassian-plugins-core\5.5.0\atlassian-plugins-core-5.5.0.jar;C:\Users\Moxs\.m2\repository\dom4j\dom4j\1.6.1-atlassian-2\dom4j-1.6.1-atlassian-2.jar;C:\Users\Moxs\.m2\repository\xml-apis\xml-apis\1.4.01\xml-apis-1.4.01.jar;C:\Users\Moxs\.m2\repository\jaxen\jaxen\1.1.6\jaxen-1.1.6.jar;C:\Users\Moxs\.m2\repository\com\atlassian\event\atlassian-event\4.0.3\atlassian-event-4.0.3.jar;C:\Users\Moxs\.m2\repository\com\atlassian\security\atlassian-secure-xml\3.1.5\atlassian-secure-xml-3.1.5.jar;C:\Users\Moxs\.m2\repository\net\jcip\com.springsource.net.jcip.annotations\1.0.0\com.springsource.net.jcip.annotations-1.0.0.jar;C:\Users\Moxs\.m2\repository\com\google\code\gson\gson\2.9.1\gson-2.9.1.jar;C:\Users\Moxs\.m2\repository\org\springframework\spring-beans\5.3.22\spring-beans-5.3.22.jar;C:\Users\Moxs\.m2\repository\org\springframework\spring-core\5.3.22\spring-core-5.3.22.jar;C:\Users\Moxs\.m2\repository\org\springframework\spring-jcl\5.3.22\spring-jcl-5.3.22.jar;C:\Users\Moxs\.m2\repository\org\springframework\spring-context\5.3.22\spring-context-5.3.22.jar;C:\Users\Moxs\.m2\repository\org\springframework\spring-aop\5.3.22\spring-aop-5.3.22.jar;C:\Users\Moxs\.m2\repository\org\springframework\spring-expression\5.3.22\spring-expression-5.3.22.jar;C:\Users\Moxs\.m2\repository\org\osgi\osgi.core\6.0.0\osgi.core-6.0.0.jar;C:\Users\Moxs\.m2\repository\com\atlassian\plugins\atlassian-plugins-webfragment\7.2.0\atlassian-plugins-webfragment-7.2.0.jar;C:\Users\Moxs\.m2\repository\javax\annotation\javax.annotation-api\1.3.2\javax.annotation-api-1.3.2.jar;C:\Users\Moxs\.m2\repository\com\atlassian\plugins\atlassian-plugins-osgi-testrunner\2.0.2\atlassian-plugins-osgi-testrunner-2.0.2.jar;C:\Users\Moxs\.m2\repository\org\apache\wink\wink-client\1.1.3-incubating\wink-client-1.1.3-incubating.jar;C:\Users\Moxs\.m2\repository\org\apache\wink\wink-common\1.1.3-incubating\wink-common-1.1.3-incubating.jar;C:\Users\Moxs\.m2\repository\javax\ws\rs\jsr311-api\1.1.1\jsr311-api-1.1.1.jar;C:\Users\Moxs\.m2\repository\org\apache\geronimo\specs\geronimo-annotation_1.1_spec\1.0\geronimo-annotation_1.1_spec-1.0.jar;C:\Users\Moxs\.m2\repository\javax\xml\bind\jaxb-api\2.2\jaxb-api-2.2.jar;C:\Users\Moxs\.m2\repository\javax\xml\stream\stax-api\1.0-2\stax-api-1.0-2.jar;C:\Users\Moxs\.m2\repository\com\sun\xml\bind\jaxb-impl\2.2.1.1\jaxb-impl-2.2.1.1.jar;C:\Users\Moxs\.m2\repository\javax\activation\activation\1.1\activation-1.1.jar;C:\Users\Moxs\.m2\repository\com\atlassian\upm\upm-api\2.15\upm-api-2.15.jar;C:\Users\Moxs\.m2\repository\com\atlassian\plugins\atlassian-plugins-osgi-javaconfig\0.2.0\atlassian-plugins-osgi-javaconfig-0.2.0.jar;C:\Users\Moxs\.m2\repository\com\atlassian\templaterenderer\atlassian-template-renderer-api\5.0.0\atlassian-template-renderer-api-5.0.0.jar;C:\Users\Moxs\.m2\repository\junit\junit\4.13.2\junit-4.13.2.jar;C:\Users\Moxs\.m2\repository\org\hamcrest\hamcrest-core\1.3\hamcrest-core-1.3.jar;C:\Users\Moxs\.m2\repository\javax\ws\rs\javax.ws.rs-api\2.1\javax.ws.rs-api-2.1.jar;C:\Users\Moxs\.m2\repository\jakarta\ws\rs\jakarta.ws.rs-api\2.1.6\jakarta.ws.rs-api-2.1.6.jar;C:\Users\Moxs\.m2\repository\org\mockito\mockito-core\5.14.2\mockito-core-5.14.2.jar;C:\Users\Moxs\.m2\repository\net\bytebuddy\byte-buddy\1.15.4\byte-buddy-1.15.4.jar;C:\Users\Moxs\.m2\repository\net\bytebuddy\byte-buddy-agent\1.15.4\byte-buddy-agent-1.15.4.jar;C:\Users\Moxs\.m2\repository\org\objenesis\objenesis\3.3\objenesis-3.3.jar;C:\Users\Moxs\.m2\repository\org\mockito\mockito-junit-jupiter\5.13.0\mockito-junit-jupiter-5.13.0.jar;C:\Users\Moxs\.m2\repository\org\junit\jupiter\junit-jupiter-api\5.11.0\junit-jupiter-api-5.11.0.jar;C:\Users\Moxs\.m2\repository\org\opentest4j\opentest4j\1.3.0\opentest4j-1.3.0.jar;C:\Users\Moxs\.m2\repository\org\junit\platform\junit-platform-commons\1.11.0\junit-platform-commons-1.11.0.jar;C:\Users\Moxs\.m2\repository\org\apiguardian\apiguardian-api\1.1.2\apiguardian-api-1.1.2.jar;C:\Users\Moxs\.m2\repository\com\atlassian\activeobjects\activeobjects-plugin\6.0.0-m03\activeobjects-plugin-6.0.0-m03.jar;C:\Users\Moxs\.m2\repository\net\java\dev\activeobjects\activeobjects\6.0.0-m03\activeobjects-6.0.0-m03.jar;C:\Users\Moxs\.m2\repository\com\atlassian\activeobjects\activeobjects-core\6.0.0-m03\activeobjects-core-6.0.0-m03.jar;C:\Users\Moxs\.m2\repository\com\atlassian\activeobjects\activeobjects-spi\6.0.0-m03\activeobjects-spi-6.0.0-m03.jar;C:\Users\Moxs\.m2\repository\com\atlassian\activeobjects\activeobjects-dbex\6.0.0-m03\activeobjects-dbex-6.0.0-m03.jar;C:\Users\Moxs\.m2\repository\org\codehaus\woodstox\woodstox-core-asl\4.4.1\woodstox-core-asl-4.4.1.jar;C:\Users\Moxs\.m2\repository\org\codehaus\woodstox\stax2-api\3.1.4\stax2-api-3.1.4.jar;C:\Users\Moxs\.m2\repository\com\atlassian\activeobjects\activeobjects-test\6.0.0-m03\activeobjects-test-6.0.0-m03.jar;C:\Users\Moxs\.m2\repository\net\java\dev\activeobjects\activeobjects-test\6.0.0-m03\activeobjects-test-6.0.0-m03.jar;"/>
    <property name="sun.cpu.endian" value="little"/>
    <property name="user.home" value="C:\Users\Moxs"/>
    <property name="user.language" value="ru"/>
    <property name="java.specification.vendor" value="Oracle Corporation"/>
    <property name="java.version.date" value="2024-07-16"/>
    <property name="java.home" value="C:\Program Files\Java\jdk-11"/>
    <property name="file.separator" value="\"/>
    <property name="basedir" value="C:\Project\Test_plagin\issue-data-manager"/>
    <property name="java.vm.compressedOopsMode" value="32-bit"/>
    <property name="line.separator" value="&#10;"/>
    <property name="java.specification.name" value="Java Platform API Specification"/>
    <property name="java.vm.specification.vendor" value="Oracle Corporation"/>
    <property name="java.awt.graphicsenv" value="sun.awt.Win32GraphicsEnvironment"/>
    <property name="surefire.real.class.path" value="C:\Users\Moxs\AppData\Local\Temp\surefire14078293101612165569\surefirebooter-20241126002745013_3.jar"/>
    <property name="user.script" value=""/>
    <property name="sun.management.compiler" value="HotSpot 64-Bit Tiered Compilers"/>
    <property name="java.runtime.version" value="11.0.24+7-LTS-271"/>
    <property name="user.name" value="Moxs"/>
    <property name="path.separator" value=";"/>
    <property name="os.version" value="10.0"/>
    <property name="java.runtime.name" value="Java(TM) SE Runtime Environment"/>
    <property name="file.encoding" value="Cp1251"/>
    <property name="java.vm.name" value="Java HotSpot(TM) 64-Bit Server VM"/>
    <property name="java.vendor.version" value="18.9"/>
    <property name="localRepository" value="C:\Users\Moxs\.m2\repository"/>
    <property name="java.vendor.url.bug" value="https://bugreport.java.com/bugreport/"/>
    <property name="java.io.tmpdir" value="C:\Users\Moxs\AppData\Local\Temp\"/>
    <property name="java.version" value="11.0.24"/>
    <property name="user.dir" value="C:\Project\Test_plagin\issue-data-manager"/>
    <property name="os.arch" value="amd64"/>
    <property name="java.vm.specification.name" value="Java Virtual Machine Specification"/>
    <property name="java.awt.printerjob" value="sun.awt.windows.WPrinterJob"/>
    <property name="sun.os.patch.level" value=""/>
    <property name="java.library.path" value="C:\Program Files\Java\jdk-11\bin;C:\Windows\Sun\Java\bin;C:\Windows\system32;C:\Windows;C:\Windows\system32;C:\Windows;C:\Windows\System32\Wbem;C:\Windows\System32\WindowsPowerShell\v1.0\;C:\Windows\System32\OpenSSH\;C:\Program Files\nodejs\;C:\Program Files\Microsoft SQL Server\120\Tools\Binn\;C:\Program Files (x86)\HP\Common\HPDestPlgIn\;C:\Program Files (x86)\HP\IdrsOCR_15.3.1129.0\;C:\Program Files\apache-maven-3.9.9;C:\Program Files\Git\cmd;C:\Program Files\Java\jdk-11\bin;&quot;C:\Users\Moxs\AppData\Local\Programs\Microsoft VS Code\bin;&quot;;C:\Users\Moxs\AppData\Local\Microsoft\WindowsApps;C:\Program Files\apache-maven-3.9.9\bin;C:\Applications\Atlassian\atlassian-plugin-sdk-8.2.7\bin;C:\Program Files (x86)\HP\Common\HPDestPlgIn;C:\Users\Moxs\AppData\Roaming\npm\;;."/>
    <property name="java.vendor" value="Oracle Corporation"/>
    <property name="java.vm.info" value="mixed mode"/>
    <property name="java.vm.version" value="11.0.24+7-LTS-271"/>
    <property name="java.specification.maintenance.version" value="2"/>
    <property name="sun.io.unicode.encoding" value="UnicodeLittle"/>
    <property name="java.class.version" value="55.0"/>
  </properties>
  <testcase name="testMyName" classname="ut.com.example.plugins.MyComponentUnitTest" time="0.014"/>
</testsuite>